# JRE version: Java(TM) SE Runtime Environment (8.0_66-b17) (build 1.8.0_66-b17)
# Java VM: Java HotSpot(TM) 64-Bit Server VM (25.66-b17 mixed mode windows-amd64 compressed oops)
Heap:
 PSYoungGen      total 129024K, used 31923K [0x00000000d5900000, 0x00000000de880000, 0x0000000100000000)
  eden space 118784K, 18% used [0x00000000d5900000,0x00000000d6e2dfc8,0x00000000dcd00000)
  from space 10240K, 99% used [0x00000000dda00000,0x00000000de3ff020,0x00000000de400000)
  to   space 13312K, 0% used [0x00000000dcd00000,0x00000000dcd00000,0x00000000dda00000)
 ParOldGen       total 50176K, used 12781K [0x0000000080a00000, 0x0000000083b00000, 0x00000000d5900000)
  object space 50176K, 25% used [0x0000000080a00000,0x000000008167b7d0,0x0000000083b00000)
 Metaspace       used 29604K, capacity 30806K, committed 30976K, reserved 1077248K
  class space    used 3771K, capacity 3978K, committed 4096K, reserved 1048576K
GC Heap History (10 events):
Event: 32.942 GC heap before
{Heap before GC invocations=5 (full 1):
 PSYoungGen      total 38400K, used 5094K [0x00000000d5900000, 0x00000000da400000, 0x0000000100000000)
  eden space 33280K, 0% used [0x00000000d5900000,0x00000000d5900000,0x00000000d7980000)
  from space 5120K, 99% used [0x00000000d7e80000,0x00000000d8379838,0x00000000d8380000)
  to   space 5120K, 0% used [0x00000000d7980000,0x00000000d7980000,0x00000000d7e80000)
 ParOldGen       total 87552K, used 6254K [0x0000000080a00000, 0x0000000085f80000, 0x00000000d5900000)
  object space 87552K, 7% used [0x0000000080a00000,0x000000008101bb38,0x0000000085f80000)
 Metaspace       used 20921K, capacity 21044K, committed 21296K, reserved 1067008K
  class space    used 2832K, capacity 2864K, committed 2944K, reserved 1048576K
Event: 32.986 GC heap after
Heap after GC invocations=5 (full 1):
 PSYoungGen      total 38400K, used 0K [0x00000000d5900000, 0x00000000da400000, 0x0000000100000000)
  eden space 33280K, 0% used [0x00000000d5900000,0x00000000d5900000,0x00000000d7980000)
  from space 5120K, 0% used [0x00000000d7e80000,0x00000000d7e80000,0x00000000d8380000)
  to   space 5120K, 0% used [0x00000000d7980000,0x00000000d7980000,0x00000000d7e80000)
 ParOldGen       total 50176K, used 9253K [0x0000000080a00000, 0x0000000083b00000, 0x00000000d5900000)
  object space 50176K, 18% used [0x0000000080a00000,0x0000000081309770,0x0000000083b00000)
 Metaspace       used 20921K, capacity 21044K, committed 21296K, reserved 1067008K
  class space    used 2832K, capacity 2864K, committed 2944K, reserved 1048576K
}
Event: 33.514 GC heap before
{Heap before GC invocations=6 (full 1):
 PSYoungGen      total 38400K, used 33280K [0x00000000d5900000, 0x00000000da400000, 0x0000000100000000)
  eden space 33280K, 100% used [0x00000000d5900000,0x00000000d7980000,0x00000000d7980000)
  from space 5120K, 0% used [0x00000000d7e80000,0x00000000d7e80000,0x00000000d8380000)
  to   space 5120K, 0% used [0x00000000d7980000,0x00000000d7980000,0x00000000d7e80000)
 ParOldGen       total 50176K, used 9253K [0x0000000080a00000, 0x0000000083b00000, 0x00000000d5900000)
  object space 50176K, 18% used [0x0000000080a00000,0x0000000081309770,0x0000000083b00000)
 Metaspace       used 23392K, capacity 23556K, committed 23936K, reserved 1071104K
  class space    used 3160K, capacity 3187K, committed 3200K, reserved 1048576K
Event: 33.525 GC heap after
Heap after GC invocations=6 (full 1):
 PSYoungGen      total 38400K, used 4366K [0x00000000d5900000, 0x00000000daa00000, 0x0000000100000000)
  eden space 33280K, 0% used [0x00000000d5900000,0x00000000d5900000,0x00000000d7980000)
  from space 5120K, 85% used [0x00000000d7980000,0x00000000d7dc3b90,0x00000000d7e80000)
  to   space 9728K, 0% used [0x00000000da080000,0x00000000da080000,0x00000000daa00000)
 ParOldGen       total 50176K, used 9261K [0x0000000080a00000, 0x0000000083b00000, 0x00000000d5900000)
  object space 50176K, 18% used [0x0000000080a00000,0x000000008130b770,0x0000000083b00000)
 Metaspace       used 23392K, capacity 23556K, committed 23936K, reserved 1071104K
  class space    used 3160K, capacity 3187K, committed 3200K, reserved 1048576K
}
Event: 33.815 GC heap before
{Heap before GC invocations=7 (full 1):
 PSYoungGen      total 38400K, used 37646K [0x00000000d5900000, 0x00000000daa00000, 0x0000000100000000)
  eden space 33280K, 100% used [0x00000000d5900000,0x00000000d7980000,0x00000000d7980000)
  from space 5120K, 85% used [0x00000000d7980000,0x00000000d7dc3b90,0x00000000d7e80000)
  to   space 9728K, 0% used [0x00000000da080000,0x00000000da080000,0x00000000daa00000)
 ParOldGen       total 50176K, used 9261K [0x0000000080a00000, 0x0000000083b00000, 0x00000000d5900000)
  object space 50176K, 18% used [0x0000000080a00000,0x000000008130b770,0x0000000083b00000)
 Metaspace       used 25375K, capacity 25632K, committed 26112K, reserved 1071104K
  class space    used 3380K, capacity 3473K, committed 3584K, reserved 1048576K
Event: 33.822 GC heap after
Heap after GC invocations=7 (full 1):
 PSYoungGen      total 73216K, used 4050K [0x00000000d5900000, 0x00000000da980000, 0x0000000100000000)
  eden space 64000K, 0% used [0x00000000d5900000,0x00000000d5900000,0x00000000d9780000)
  from space 9216K, 43% used [0x00000000da080000,0x00000000da474ba0,0x00000000da980000)
  to   space 9216K, 0% used [0x00000000d9780000,0x00000000d9780000,0x00000000da080000)
 ParOldGen       total 50176K, used 9269K [0x0000000080a00000, 0x0000000083b00000, 0x00000000d5900000)
  object space 50176K, 18% used [0x0000000080a00000,0x000000008130d770,0x0000000083b00000)
 Metaspace       used 25375K, capacity 25632K, committed 26112K, reserved 1071104K
  class space    used 3380K, capacity 3473K, committed 3584K, reserved 1048576K
}
Event: 36.210 GC heap before
{Heap before GC invocations=8 (full 1):
 PSYoungGen      total 73216K, used 68050K [0x00000000d5900000, 0x00000000da980000, 0x0000000100000000)
  eden space 64000K, 100% used [0x00000000d5900000,0x00000000d9780000,0x00000000d9780000)
  from space 9216K, 43% used [0x00000000da080000,0x00000000da474ba0,0x00000000da980000)
  to   space 9216K, 0% used [0x00000000d9780000,0x00000000d9780000,0x00000000da080000)
 ParOldGen       total 50176K, used 9269K [0x0000000080a00000, 0x0000000083b00000, 0x00000000d5900000)
  object space 50176K, 18% used [0x0000000080a00000,0x000000008130d770,0x0000000083b00000)
 Metaspace       used 28194K, capacity 29440K, committed 29568K, reserved 1075200K
  class space    used 3754K, capacity 3953K, committed 3968K, reserved 1048576K
Event: 36.219 GC heap after
Heap after GC invocations=8 (full 1):
 PSYoungGen      total 73216K, used 8200K [0x00000000d5900000, 0x00000000de400000, 0x0000000100000000)
  eden space 64000K, 0% used [0x00000000d5900000,0x00000000d5900000,0x00000000d9780000)
  from space 9216K, 88% used [0x00000000d9780000,0x00000000d9f82088,0x00000000da080000)
  to   space 10240K, 0% used [0x00000000dda00000,0x00000000dda00000,0x00000000de400000)
 ParOldGen       total 50176K, used 9277K [0x0000000080a00000, 0x0000000083b00000, 0x00000000d5900000)
  object space 50176K, 18% used [0x0000000080a00000,0x000000008130f770,0x0000000083b00000)
 Metaspace       used 28194K, capacity 29440K, committed 29568K, reserved 1075200K
  class space    used 3754K, capacity 3953K, committed 3968K, reserved 1048576K
}
Event: 64.466 GC heap before
{Heap before GC invocations=9 (full 1):
 PSYoungGen      total 73216K, used 72200K [0x00000000d5900000, 0x00000000de400000, 0x0000000100000000)
  eden space 64000K, 100% used [0x00000000d5900000,0x00000000d9780000,0x00000000d9780000)
  from space 9216K, 88% used [0x00000000d9780000,0x00000000d9f82088,0x00000000da080000)
  to   space 10240K, 0% used [0x00000000dda00000,0x00000000dda00000,0x00000000de400000)
 ParOldGen       total 50176K, used 9277K [0x0000000080a00000, 0x0000000083b00000, 0x00000000d5900000)
  object space 50176K, 18% used [0x0000000080a00000,0x000000008130f770,0x0000000083b00000)
 Metaspace       used 28645K, capacity 29974K, committed 30208K, reserved 1075200K
  class space    used 3769K, capacity 3978K, committed 4096K, reserved 1048576K
Event: 64.485 GC heap after
Heap after GC invocations=9 (full 1):
 PSYoungGen      total 129024K, used 10236K [0x00000000d5900000, 0x00000000de880000, 0x0000000100000000)
  eden space 118784K, 0% used [0x00000000d5900000,0x00000000d5900000,0x00000000dcd00000)
  from space 10240K, 99% used [0x00000000dda00000,0x00000000de3ff020,0x00000000de400000)
  to   space 13312K, 0% used [0x00000000dcd00000,0x00000000dcd00000,0x00000000dda00000)
 ParOldGen       total 50176K, used 12781K [0x0000000080a00000, 0x0000000083b00000, 0x00000000d5900000)
  object space 50176K, 25% used [0x0000000080a00000,0x000000008167b7d0,0x0000000083b00000)
 Metaspace       used 28645K, capacity 29974K, committed 30208K, reserved 1075200K
  class space    used 3769K, capacity 3978K, committed 4096K, reserved 1048576K
}

