# JRE version: Java(TM) SE Runtime Environment (8.0_66-b17) (build 1.8.0_66-b17)
# Java VM: Java HotSpot(TM) 64-Bit Server VM (25.66-b17 mixed mode windows-amd64 compressed oops)
Heap:
 PSYoungGen      total 41472K, used 24125K [0x00000000d5900000, 0x00000000d8c80000, 0x0000000100000000)
  eden space 31232K, 51% used [0x00000000d5900000,0x00000000d68a1678,0x00000000d7780000)
  from space 10240K, 79% used [0x00000000d8200000,0x00000000d89ee020,0x00000000d8c00000)
  to   space 10752K, 0% used [0x00000000d7780000,0x00000000d7780000,0x00000000d8200000)
 ParOldGen       total 47104K, used 8929K [0x0000000080a00000, 0x0000000083800000, 0x00000000d5900000)
  object space 47104K, 18% used [0x0000000080a00000,0x00000000812b85c0,0x0000000083800000)
 Metaspace       used 29156K, capacity 30434K, committed 30640K, reserved 1075200K
  class space    used 3766K, capacity 3970K, committed 4016K, reserved 1048576K
GC Heap History (10 events):
Event: 64.934 GC heap before
{Heap before GC invocations=5 (full 1):
 PSYoungGen      total 38400K, used 5110K [0x00000000d5900000, 0x00000000d8380000, 0x0000000100000000)
  eden space 33280K, 0% used [0x00000000d5900000,0x00000000d5900000,0x00000000d7980000)
  from space 5120K, 99% used [0x00000000d7e80000,0x00000000d837d838,0x00000000d8380000)
  to   space 5120K, 0% used [0x00000000d7980000,0x00000000d7980000,0x00000000d7e80000)
 ParOldGen       total 87552K, used 7789K [0x0000000080a00000, 0x0000000085f80000, 0x00000000d5900000)
  object space 87552K, 8% used [0x0000000080a00000,0x000000008119b628,0x0000000085f80000)
 Metaspace       used 20995K, capacity 21146K, committed 21296K, reserved 1067008K
  class space    used 3050K, capacity 3090K, committed 3120K, reserved 1048576K
Event: 64.962 GC heap after
Heap after GC invocations=5 (full 1):
 PSYoungGen      total 38400K, used 0K [0x00000000d5900000, 0x00000000d8380000, 0x0000000100000000)
  eden space 33280K, 0% used [0x00000000d5900000,0x00000000d5900000,0x00000000d7980000)
  from space 5120K, 0% used [0x00000000d7e80000,0x00000000d7e80000,0x00000000d8380000)
  to   space 5120K, 0% used [0x00000000d7980000,0x00000000d7980000,0x00000000d7e80000)
 ParOldGen       total 47104K, used 8913K [0x0000000080a00000, 0x0000000083800000, 0x00000000d5900000)
  object space 47104K, 18% used [0x0000000080a00000,0x00000000812b45c0,0x0000000083800000)
 Metaspace       used 20995K, capacity 21146K, committed 21296K, reserved 1067008K
  class space    used 3050K, capacity 3090K, committed 3120K, reserved 1048576K
}
Event: 66.988 GC heap before
{Heap before GC invocations=6 (full 1):
 PSYoungGen      total 38400K, used 33280K [0x00000000d5900000, 0x00000000d8380000, 0x0000000100000000)
  eden space 33280K, 100% used [0x00000000d5900000,0x00000000d7980000,0x00000000d7980000)
  from space 5120K, 0% used [0x00000000d7e80000,0x00000000d7e80000,0x00000000d8380000)
  to   space 5120K, 0% used [0x00000000d7980000,0x00000000d7980000,0x00000000d7e80000)
 ParOldGen       total 47104K, used 8913K [0x0000000080a00000, 0x0000000083800000, 0x00000000d5900000)
  object space 47104K, 18% used [0x0000000080a00000,0x00000000812b45c0,0x0000000083800000)
 Metaspace       used 23338K, capacity 23612K, committed 23984K, reserved 1069056K
  class space    used 3368K, capacity 3441K, committed 3504K, reserved 1048576K
Event: 66.991 GC heap after
Heap after GC invocations=6 (full 1):
 PSYoungGen      total 37888K, used 3496K [0x00000000d5900000, 0x00000000d8e00000, 0x0000000100000000)
  eden space 32768K, 0% used [0x00000000d5900000,0x00000000d5900000,0x00000000d7900000)
  from space 5120K, 68% used [0x00000000d7980000,0x00000000d7cea348,0x00000000d7e80000)
  to   space 10752K, 0% used [0x00000000d8380000,0x00000000d8380000,0x00000000d8e00000)
 ParOldGen       total 47104K, used 8913K [0x0000000080a00000, 0x0000000083800000, 0x00000000d5900000)
  object space 47104K, 18% used [0x0000000080a00000,0x00000000812b45c0,0x0000000083800000)
 Metaspace       used 23338K, capacity 23612K, committed 23984K, reserved 1069056K
  class space    used 3368K, capacity 3441K, committed 3504K, reserved 1048576K
}
Event: 68.479 GC heap before
{Heap before GC invocations=7 (full 1):
 PSYoungGen      total 37888K, used 36264K [0x00000000d5900000, 0x00000000d8e00000, 0x0000000100000000)
  eden space 32768K, 100% used [0x00000000d5900000,0x00000000d7900000,0x00000000d7900000)
  from space 5120K, 68% used [0x00000000d7980000,0x00000000d7cea348,0x00000000d7e80000)
  to   space 10752K, 0% used [0x00000000d8380000,0x00000000d8380000,0x00000000d8e00000)
 ParOldGen       total 47104K, used 8913K [0x0000000080a00000, 0x0000000083800000, 0x00000000d5900000)
  object space 47104K, 18% used [0x0000000080a00000,0x00000000812b45c0,0x0000000083800000)
 Metaspace       used 23536K, capacity 23804K, committed 23984K, reserved 1069056K
  class space    used 3375K, capacity 3441K, committed 3504K, reserved 1048576K
Event: 68.481 GC heap after
Heap after GC invocations=7 (full 1):
 PSYoungGen      total 43008K, used 2688K [0x00000000d5900000, 0x00000000d8e80000, 0x0000000100000000)
  eden space 32256K, 0% used [0x00000000d5900000,0x00000000d5900000,0x00000000d7880000)
  from space 10752K, 25% used [0x00000000d8380000,0x00000000d8620000,0x00000000d8e00000)
  to   space 11264K, 0% used [0x00000000d7880000,0x00000000d7880000,0x00000000d8380000)
 ParOldGen       total 47104K, used 8913K [0x0000000080a00000, 0x0000000083800000, 0x00000000d5900000)
  object space 47104K, 18% used [0x0000000080a00000,0x00000000812b45c0,0x0000000083800000)
 Metaspace       used 23536K, capacity 23804K, committed 23984K, reserved 1069056K
  class space    used 3375K, capacity 3441K, committed 3504K, reserved 1048576K
}
Event: 133.779 GC heap before
{Heap before GC invocations=8 (full 1):
 PSYoungGen      total 43008K, used 34944K [0x00000000d5900000, 0x00000000d8e80000, 0x0000000100000000)
  eden space 32256K, 100% used [0x00000000d5900000,0x00000000d7880000,0x00000000d7880000)
  from space 10752K, 25% used [0x00000000d8380000,0x00000000d8620000,0x00000000d8e00000)
  to   space 11264K, 0% used [0x00000000d7880000,0x00000000d7880000,0x00000000d8380000)
 ParOldGen       total 47104K, used 8913K [0x0000000080a00000, 0x0000000083800000, 0x00000000d5900000)
  object space 47104K, 18% used [0x0000000080a00000,0x00000000812b45c0,0x0000000083800000)
 Metaspace       used 26157K, capacity 27452K, committed 27568K, reserved 1073152K
  class space    used 3746K, capacity 3953K, committed 4016K, reserved 1048576K
Event: 133.876 GC heap after
Heap after GC invocations=8 (full 1):
 PSYoungGen      total 37888K, used 5827K [0x00000000d5900000, 0x00000000d8c00000, 0x0000000100000000)
  eden space 31744K, 0% used [0x00000000d5900000,0x00000000d5900000,0x00000000d7800000)
  from space 6144K, 94% used [0x00000000d7880000,0x00000000d7e30cd8,0x00000000d7e80000)
  to   space 10240K, 0% used [0x00000000d8200000,0x00000000d8200000,0x00000000d8c00000)
 ParOldGen       total 47104K, used 8921K [0x0000000080a00000, 0x0000000083800000, 0x00000000d5900000)
  object space 47104K, 18% used [0x0000000080a00000,0x00000000812b65c0,0x0000000083800000)
 Metaspace       used 26157K, capacity 27452K, committed 27568K, reserved 1073152K
  class space    used 3746K, capacity 3953K, committed 4016K, reserved 1048576K
}
Event: 138.825 GC heap before
{Heap before GC invocations=9 (full 1):
 PSYoungGen      total 37888K, used 37571K [0x00000000d5900000, 0x00000000d8c00000, 0x0000000100000000)
  eden space 31744K, 100% used [0x00000000d5900000,0x00000000d7800000,0x00000000d7800000)
  from space 6144K, 94% used [0x00000000d7880000,0x00000000d7e30cd8,0x00000000d7e80000)
  to   space 10240K, 0% used [0x00000000d8200000,0x00000000d8200000,0x00000000d8c00000)
 ParOldGen       total 47104K, used 8921K [0x0000000080a00000, 0x0000000083800000, 0x00000000d5900000)
  object space 47104K, 18% used [0x0000000080a00000,0x00000000812b65c0,0x0000000083800000)
 Metaspace       used 26658K, capacity 27996K, committed 28080K, reserved 1073152K
  class space    used 3756K, capacity 3969K, committed 4016K, reserved 1048576K
Event: 138.835 GC heap after
Heap after GC invocations=9 (full 1):
 PSYoungGen      total 41472K, used 8120K [0x00000000d5900000, 0x00000000d8c80000, 0x0000000100000000)
  eden space 31232K, 0% used [0x00000000d5900000,0x00000000d5900000,0x00000000d7780000)
  from space 10240K, 79% used [0x00000000d8200000,0x00000000d89ee020,0x00000000d8c00000)
  to   space 10752K, 0% used [0x00000000d7780000,0x00000000d7780000,0x00000000d8200000)
 ParOldGen       total 47104K, used 8929K [0x0000000080a00000, 0x0000000083800000, 0x00000000d5900000)
  object space 47104K, 18% used [0x0000000080a00000,0x00000000812b85c0,0x0000000083800000)
 Metaspace       used 26658K, capacity 27996K, committed 28080K, reserved 1073152K
  class space    used 3756K, capacity 3969K, committed 4016K, reserved 1048576K
}

