# JRE version: Java(TM) SE Runtime Environment (8.0_66-b17) (build 1.8.0_66-b17)
# Java VM: Java HotSpot(TM) 64-Bit Server VM (25.66-b17 mixed mode windows-amd64 compressed oops)
Heap:
 PSYoungGen      total 38912K, used 11683K [0x00000000d5900000, 0x00000000d8980000, 0x0000000100000000)
  eden space 29184K, 26% used [0x00000000d5900000,0x00000000d6090e88,0x00000000d7580000)
  from space 9728K, 40% used [0x00000000d8000000,0x00000000d83d8000,0x00000000d8980000)
  to   space 10240K, 0% used [0x00000000d7580000,0x00000000d7580000,0x00000000d7f80000)
 ParOldGen       total 47104K, used 13297K [0x0000000080a00000, 0x0000000083800000, 0x00000000d5900000)
  object space 47104K, 28% used [0x0000000080a00000,0x00000000816fc6b0,0x0000000083800000)
 Metaspace       used 27501K, capacity 28782K, committed 28848K, reserved 1075200K
  class space    used 3780K, capacity 4004K, committed 4016K, reserved 1048576K
GC Heap History (10 events):
Event: 168.835 GC heap before
{Heap before GC invocations=9 (full 1):
 PSYoungGen      total 37888K, used 37505K [0x00000000d5900000, 0x00000000d8c00000, 0x0000000100000000)
  eden space 31744K, 100% used [0x00000000d5900000,0x00000000d7800000,0x00000000d7800000)
  from space 6144K, 93% used [0x00000000d7880000,0x00000000d7e20780,0x00000000d7e80000)
  to   space 10240K, 0% used [0x00000000d8200000,0x00000000d8200000,0x00000000d8c00000)
 ParOldGen       total 47104K, used 8968K [0x0000000080a00000, 0x0000000083800000, 0x00000000d5900000)
  object space 47104K, 19% used [0x0000000080a00000,0x00000000812c2148,0x0000000083800000)
 Metaspace       used 25856K, capacity 27212K, committed 27312K, reserved 1073152K
  class space    used 3758K, capacity 3977K, committed 4016K, reserved 1048576K
Event: 168.844 GC heap after
Heap after GC invocations=9 (full 1):
 PSYoungGen      total 41472K, used 7990K [0x00000000d5900000, 0x00000000d8c80000, 0x0000000100000000)
  eden space 31232K, 0% used [0x00000000d5900000,0x00000000d5900000,0x00000000d7780000)
  from space 10240K, 78% used [0x00000000d8200000,0x00000000d89cd820,0x00000000d8c00000)
  to   space 10752K, 0% used [0x00000000d7780000,0x00000000d7780000,0x00000000d8200000)
 ParOldGen       total 47104K, used 8968K [0x0000000080a00000, 0x0000000083800000, 0x00000000d5900000)
  object space 47104K, 19% used [0x0000000080a00000,0x00000000812c2148,0x0000000083800000)
 Metaspace       used 25856K, capacity 27212K, committed 27312K, reserved 1073152K
  class space    used 3758K, capacity 3977K, committed 4016K, reserved 1048576K
}
Event: 178.014 GC heap before
{Heap before GC invocations=10 (full 1):
 PSYoungGen      total 41472K, used 39222K [0x00000000d5900000, 0x00000000d8c80000, 0x0000000100000000)
  eden space 31232K, 100% used [0x00000000d5900000,0x00000000d7780000,0x00000000d7780000)
  from space 10240K, 78% used [0x00000000d8200000,0x00000000d89cd820,0x00000000d8c00000)
  to   space 10752K, 0% used [0x00000000d7780000,0x00000000d7780000,0x00000000d8200000)
 ParOldGen       total 47104K, used 8968K [0x0000000080a00000, 0x0000000083800000, 0x00000000d5900000)
  object space 47104K, 19% used [0x0000000080a00000,0x00000000812c2148,0x0000000083800000)
 Metaspace       used 25901K, capacity 27344K, committed 27568K, reserved 1073152K
  class space    used 3770K, capacity 3999K, committed 4016K, reserved 1048576K
Event: 178.024 GC heap after
Heap after GC invocations=10 (full 1):
 PSYoungGen      total 36352K, used 5412K [0x00000000d5900000, 0x00000000d8b00000, 0x0000000100000000)
  eden space 30720K, 0% used [0x00000000d5900000,0x00000000d5900000,0x00000000d7700000)
  from space 5632K, 96% used [0x00000000d7780000,0x00000000d7cc9010,0x00000000d7d00000)
  to   space 10240K, 0% used [0x00000000d8100000,0x00000000d8100000,0x00000000d8b00000)
 ParOldGen       total 47104K, used 11556K [0x0000000080a00000, 0x0000000083800000, 0x00000000d5900000)
  object space 47104K, 24% used [0x0000000080a00000,0x0000000081549158,0x0000000083800000)
 Metaspace       used 25901K, capacity 27344K, committed 27568K, reserved 1073152K
  class space    used 3770K, capacity 3999K, committed 4016K, reserved 1048576K
}
Event: 237.440 GC heap before
{Heap before GC invocations=11 (full 1):
 PSYoungGen      total 36352K, used 36132K [0x00000000d5900000, 0x00000000d8b00000, 0x0000000100000000)
  eden space 30720K, 100% used [0x00000000d5900000,0x00000000d7700000,0x00000000d7700000)
  from space 5632K, 96% used [0x00000000d7780000,0x00000000d7cc9010,0x00000000d7d00000)
  to   space 10240K, 0% used [0x00000000d8100000,0x00000000d8100000,0x00000000d8b00000)
 ParOldGen       total 47104K, used 11556K [0x0000000080a00000, 0x0000000083800000, 0x00000000d5900000)
  object space 47104K, 24% used [0x0000000080a00000,0x0000000081549158,0x0000000083800000)
 Metaspace       used 26790K, capacity 28252K, committed 28336K, reserved 1073152K
  class space    used 3775K, capacity 4001K, committed 4016K, reserved 1048576K
Event: 237.455 GC heap after
Heap after GC invocations=11 (full 1):
 PSYoungGen      total 39936K, used 4036K [0x00000000d5900000, 0x00000000d8a80000, 0x0000000100000000)
  eden space 30208K, 0% used [0x00000000d5900000,0x00000000d5900000,0x00000000d7680000)
  from space 9728K, 41% used [0x00000000d8100000,0x00000000d84f1010,0x00000000d8a80000)
  to   space 10240K, 0% used [0x00000000d7680000,0x00000000d7680000,0x00000000d8080000)
 ParOldGen       total 47104K, used 13061K [0x0000000080a00000, 0x0000000083800000, 0x00000000d5900000)
  object space 47104K, 27% used [0x0000000080a00000,0x00000000816c1670,0x0000000083800000)
 Metaspace       used 26790K, capacity 28252K, committed 28336K, reserved 1073152K
  class space    used 3775K, capacity 4001K, committed 4016K, reserved 1048576K
}
Event: 242.034 GC heap before
{Heap before GC invocations=12 (full 1):
 PSYoungGen      total 39936K, used 34244K [0x00000000d5900000, 0x00000000d8a80000, 0x0000000100000000)
  eden space 30208K, 100% used [0x00000000d5900000,0x00000000d7680000,0x00000000d7680000)
  from space 9728K, 41% used [0x00000000d8100000,0x00000000d84f1010,0x00000000d8a80000)
  to   space 10240K, 0% used [0x00000000d7680000,0x00000000d7680000,0x00000000d8080000)
 ParOldGen       total 47104K, used 13061K [0x0000000080a00000, 0x0000000083800000, 0x00000000d5900000)
  object space 47104K, 27% used [0x0000000080a00000,0x00000000816c1670,0x0000000083800000)
 Metaspace       used 26982K, capacity 28328K, committed 28592K, reserved 1073152K
  class space    used 3777K, capacity 4003K, committed 4016K, reserved 1048576K
Event: 242.045 GC heap after
Heap after GC invocations=12 (full 1):
 PSYoungGen      total 33792K, used 4000K [0x00000000d5900000, 0x00000000d8a00000, 0x0000000100000000)
  eden space 29696K, 0% used [0x00000000d5900000,0x00000000d5900000,0x00000000d7600000)
  from space 4096K, 97% used [0x00000000d7680000,0x00000000d7a68000,0x00000000d7a80000)
  to   space 10240K, 0% used [0x00000000d8000000,0x00000000d8000000,0x00000000d8a00000)
 ParOldGen       total 47104K, used 13257K [0x0000000080a00000, 0x0000000083800000, 0x00000000d5900000)
  object space 47104K, 28% used [0x0000000080a00000,0x00000000816f26b0,0x0000000083800000)
 Metaspace       used 26982K, capacity 28328K, committed 28592K, reserved 1073152K
  class space    used 3777K, capacity 4003K, committed 4016K, reserved 1048576K
}
Event: 278.242 GC heap before
{Heap before GC invocations=13 (full 1):
 PSYoungGen      total 33792K, used 33696K [0x00000000d5900000, 0x00000000d8a00000, 0x0000000100000000)
  eden space 29696K, 100% used [0x00000000d5900000,0x00000000d7600000,0x00000000d7600000)
  from space 4096K, 97% used [0x00000000d7680000,0x00000000d7a68000,0x00000000d7a80000)
  to   space 10240K, 0% used [0x00000000d8000000,0x00000000d8000000,0x00000000d8a00000)
 ParOldGen       total 47104K, used 13257K [0x0000000080a00000, 0x0000000083800000, 0x00000000d5900000)
  object space 47104K, 28% used [0x0000000080a00000,0x00000000816f26b0,0x0000000083800000)
 Metaspace       used 27010K, capacity 28334K, committed 28592K, reserved 1073152K
  class space    used 3778K, capacity 4004K, committed 4016K, reserved 1048576K
Event: 278.249 GC heap after
Heap after GC invocations=13 (full 1):
 PSYoungGen      total 38912K, used 3936K [0x00000000d5900000, 0x00000000d8980000, 0x0000000100000000)
  eden space 29184K, 0% used [0x00000000d5900000,0x00000000d5900000,0x00000000d7580000)
  from space 9728K, 40% used [0x00000000d8000000,0x00000000d83d8000,0x00000000d8980000)
  to   space 10240K, 0% used [0x00000000d7580000,0x00000000d7580000,0x00000000d7f80000)
 ParOldGen       total 47104K, used 13297K [0x0000000080a00000, 0x0000000083800000, 0x00000000d5900000)
  object space 47104K, 28% used [0x0000000080a00000,0x00000000816fc6b0,0x0000000083800000)
 Metaspace       used 27010K, capacity 28334K, committed 28592K, reserved 1073152K
  class space    used 3778K, capacity 4004K, committed 4016K, reserved 1048576K
}

