# JRE version: Java(TM) SE Runtime Environment (8.0_66-b17) (build 1.8.0_66-b17)
# Java VM: Java HotSpot(TM) 64-Bit Server VM (25.66-b17 mixed mode windows-amd64 compressed oops)
Heap:
 PSYoungGen      total 212480K, used 134078K [0x00000000d5900000, 0x00000000e4200000, 0x0000000100000000)
  eden space 191488K, 59% used [0x00000000d5900000,0x00000000dc8a7998,0x00000000e1400000)
  from space 20992K, 94% used [0x00000000e2d00000,0x00000000e4048000,0x00000000e4180000)
  to   space 23552K, 0% used [0x00000000e1400000,0x00000000e1400000,0x00000000e2b00000)
 ParOldGen       total 63488K, used 21307K [0x0000000080a00000, 0x0000000084800000, 0x00000000d5900000)
  object space 63488K, 33% used [0x0000000080a00000,0x0000000081ecec90,0x0000000084800000)
 Metaspace       used 29212K, capacity 30450K, committed 30720K, reserved 1075200K
  class space    used 3787K, capacity 4004K, committed 4096K, reserved 1048576K
GC Heap History (10 events):
Event: 18.491 GC heap before
{Heap before GC invocations=9 (full 1):
 PSYoungGen      total 68096K, used 65791K [0x00000000d5900000, 0x00000000dd300000, 0x0000000100000000)
  eden space 58368K, 100% used [0x00000000d5900000,0x00000000d9200000,0x00000000d9200000)
  from space 9728K, 76% used [0x00000000d9200000,0x00000000d993ff90,0x00000000d9b80000)
  to   space 9728K, 0% used [0x00000000dc980000,0x00000000dc980000,0x00000000dd300000)
 ParOldGen       total 63488K, used 8208K [0x0000000080a00000, 0x0000000084800000, 0x00000000d5900000)
  object space 63488K, 12% used [0x0000000080a00000,0x00000000812042d8,0x0000000084800000)
 Metaspace       used 28520K, capacity 29972K, committed 30208K, reserved 1075200K
  class space    used 3780K, capacity 3999K, committed 4096K, reserved 1048576K
Event: 18.512 GC heap after
Heap after GC invocations=9 (full 1):
 PSYoungGen      total 112640K, used 9720K [0x00000000d5900000, 0x00000000dd580000, 0x0000000100000000)
  eden space 102912K, 0% used [0x00000000d5900000,0x00000000d5900000,0x00000000dbd80000)
  from space 9728K, 99% used [0x00000000dc980000,0x00000000dd2fe020,0x00000000dd300000)
  to   space 12288K, 0% used [0x00000000dbd80000,0x00000000dbd80000,0x00000000dc980000)
 ParOldGen       total 63488K, used 11008K [0x0000000080a00000, 0x0000000084800000, 0x00000000d5900000)
  object space 63488K, 17% used [0x0000000080a00000,0x00000000814c02d8,0x0000000084800000)
 Metaspace       used 28520K, capacity 29972K, committed 30208K, reserved 1075200K
  class space    used 3780K, capacity 3999K, committed 4096K, reserved 1048576K
}
Event: 32.511 GC heap before
{Heap before GC invocations=10 (full 1):
 PSYoungGen      total 112640K, used 112632K [0x00000000d5900000, 0x00000000dd580000, 0x0000000100000000)
  eden space 102912K, 100% used [0x00000000d5900000,0x00000000dbd80000,0x00000000dbd80000)
  from space 9728K, 99% used [0x00000000dc980000,0x00000000dd2fe020,0x00000000dd300000)
  to   space 12288K, 0% used [0x00000000dbd80000,0x00000000dbd80000,0x00000000dc980000)
 ParOldGen       total 63488K, used 11008K [0x0000000080a00000, 0x0000000084800000, 0x00000000d5900000)
  object space 63488K, 17% used [0x0000000080a00000,0x00000000814c02d8,0x0000000084800000)
 Metaspace       used 28753K, capacity 30060K, committed 30208K, reserved 1075200K
  class space    used 3783K, capacity 4003K, committed 4096K, reserved 1048576K
Event: 32.544 GC heap after
Heap after GC invocations=10 (full 1):
 PSYoungGen      total 115200K, used 12260K [0x00000000d5900000, 0x00000000e0880000, 0x0000000100000000)
  eden space 102912K, 0% used [0x00000000d5900000,0x00000000d5900000,0x00000000dbd80000)
  from space 12288K, 99% used [0x00000000dbd80000,0x00000000dc979010,0x00000000dc980000)
  to   space 16384K, 0% used [0x00000000df880000,0x00000000df880000,0x00000000e0880000)
 ParOldGen       total 63488K, used 17404K [0x0000000080a00000, 0x0000000084800000, 0x00000000d5900000)
  object space 63488K, 27% used [0x0000000080a00000,0x0000000081aff2e8,0x0000000084800000)
 Metaspace       used 28753K, capacity 30060K, committed 30208K, reserved 1075200K
  class space    used 3783K, capacity 4003K, committed 4096K, reserved 1048576K
}
Event: 47.996 GC heap before
{Heap before GC invocations=11 (full 1):
 PSYoungGen      total 115200K, used 115172K [0x00000000d5900000, 0x00000000e0880000, 0x0000000100000000)
  eden space 102912K, 100% used [0x00000000d5900000,0x00000000dbd80000,0x00000000dbd80000)
  from space 12288K, 99% used [0x00000000dbd80000,0x00000000dc979010,0x00000000dc980000)
  to   space 16384K, 0% used [0x00000000df880000,0x00000000df880000,0x00000000e0880000)
 ParOldGen       total 63488K, used 17404K [0x0000000080a00000, 0x0000000084800000, 0x00000000d5900000)
  object space 63488K, 27% used [0x0000000080a00000,0x0000000081aff2e8,0x0000000084800000)
 Metaspace       used 28793K, capacity 30066K, committed 30208K, reserved 1075200K
  class space    used 3783K, capacity 4004K, committed 4096K, reserved 1048576K
Event: 48.023 GC heap after
Heap after GC invocations=11 (full 1):
 PSYoungGen      total 160256K, used 13792K [0x00000000d5900000, 0x00000000e0880000, 0x0000000100000000)
  eden space 143872K, 0% used [0x00000000d5900000,0x00000000d5900000,0x00000000de580000)
  from space 16384K, 84% used [0x00000000df880000,0x00000000e05f8000,0x00000000e0880000)
  to   space 17920K, 0% used [0x00000000de580000,0x00000000de580000,0x00000000df700000)
 ParOldGen       total 63488K, used 19531K [0x0000000080a00000, 0x0000000084800000, 0x00000000d5900000)
  object space 63488K, 30% used [0x0000000080a00000,0x0000000081d12c50,0x0000000084800000)
 Metaspace       used 28793K, capacity 30066K, committed 30208K, reserved 1075200K
  class space    used 3783K, capacity 4004K, committed 4096K, reserved 1048576K
}
Event: 63.587 GC heap before
{Heap before GC invocations=12 (full 1):
 PSYoungGen      total 160256K, used 157664K [0x00000000d5900000, 0x00000000e0880000, 0x0000000100000000)
  eden space 143872K, 100% used [0x00000000d5900000,0x00000000de580000,0x00000000de580000)
  from space 16384K, 84% used [0x00000000df880000,0x00000000e05f8000,0x00000000e0880000)
  to   space 17920K, 0% used [0x00000000de580000,0x00000000de580000,0x00000000df700000)
 ParOldGen       total 63488K, used 19531K [0x0000000080a00000, 0x0000000084800000, 0x00000000d5900000)
  object space 63488K, 30% used [0x0000000080a00000,0x0000000081d12c50,0x0000000084800000)
 Metaspace       used 28824K, capacity 30066K, committed 30208K, reserved 1075200K
  class space    used 3785K, capacity 4004K, committed 4096K, reserved 1048576K
Event: 63.620 GC heap after
Heap after GC invocations=12 (full 1):
 PSYoungGen      total 161792K, used 17904K [0x00000000d5900000, 0x00000000e4180000, 0x0000000100000000)
  eden space 143872K, 0% used [0x00000000d5900000,0x00000000d5900000,0x00000000de580000)
  from space 17920K, 99% used [0x00000000de580000,0x00000000df6fc010,0x00000000df700000)
  to   space 20992K, 0% used [0x00000000e2d00000,0x00000000e2d00000,0x00000000e4180000)
 ParOldGen       total 63488K, used 21219K [0x0000000080a00000, 0x0000000084800000, 0x00000000d5900000)
  object space 63488K, 33% used [0x0000000080a00000,0x0000000081eb8c80,0x0000000084800000)
 Metaspace       used 28824K, capacity 30066K, committed 30208K, reserved 1075200K
  class space    used 3785K, capacity 4004K, committed 4096K, reserved 1048576K
}
Event: 79.508 GC heap before
{Heap before GC invocations=13 (full 1):
 PSYoungGen      total 161792K, used 161776K [0x00000000d5900000, 0x00000000e4180000, 0x0000000100000000)
  eden space 143872K, 100% used [0x00000000d5900000,0x00000000de580000,0x00000000de580000)
  from space 17920K, 99% used [0x00000000de580000,0x00000000df6fc010,0x00000000df700000)
  to   space 20992K, 0% used [0x00000000e2d00000,0x00000000e2d00000,0x00000000e4180000)
 ParOldGen       total 63488K, used 21219K [0x0000000080a00000, 0x0000000084800000, 0x00000000d5900000)
  object space 63488K, 33% used [0x0000000080a00000,0x0000000081eb8c80,0x0000000084800000)
 Metaspace       used 28834K, capacity 30130K, committed 30464K, reserved 1075200K
  class space    used 3785K, capacity 4004K, committed 4096K, reserved 1048576K
Event: 79.542 GC heap after
Heap after GC invocations=13 (full 1):
 PSYoungGen      total 212480K, used 19744K [0x00000000d5900000, 0x00000000e4200000, 0x0000000100000000)
  eden space 191488K, 0% used [0x00000000d5900000,0x00000000d5900000,0x00000000e1400000)
  from space 20992K, 94% used [0x00000000e2d00000,0x00000000e4048000,0x00000000e4180000)
  to   space 23552K, 0% used [0x00000000e1400000,0x00000000e1400000,0x00000000e2b00000)
 ParOldGen       total 63488K, used 21307K [0x0000000080a00000, 0x0000000084800000, 0x00000000d5900000)
  object space 63488K, 33% used [0x0000000080a00000,0x0000000081ecec90,0x0000000084800000)
 Metaspace       used 28834K, capacity 30130K, committed 30464K, reserved 1075200K
  class space    used 3785K, capacity 4004K, committed 4096K, reserved 1048576K
}

